<?xml version="1.0" encoding="UTF-8" ?>
<testsuite failures="0" time="1.123" errors="0" skipped="0" tests="1" name="com.baselogic.demos.AspectTests">
  <properties>
    <property name="java.runtime.name" value="Java(TM) SE Runtime Environment"/>
    <property name="sun.boot.library.path" value="c:\usr\bin\Java\jdk1.6.0_31\jre\bin"/>
    <property name="java.vm.version" value="20.6-b01"/>
    <property name="java.vm.vendor" value="Sun Microsystems Inc."/>
    <property name="java.vendor.url" value="http://java.sun.com/"/>
    <property name="path.separator" value=";"/>
    <property name="guice.disable.misplaced.annotation.check" value="true"/>
    <property name="java.vm.name" value="Java HotSpot(TM) 64-Bit Server VM"/>
    <property name="file.encoding.pkg" value="sun.io"/>
    <property name="user.country" value="US"/>
    <property name="sun.java.launcher" value="SUN_STANDARD"/>
    <property name="sun.os.patch.level" value="Service Pack 1"/>
    <property name="java.vm.specification.name" value="Java Virtual Machine Specification"/>
    <property name="user.dir" value="c:\usr\SYNCH\projects\Git-Hub\SpringCertification"/>
    <property name="java.runtime.version" value="1.6.0_31-b05"/>
    <property name="java.awt.graphicsenv" value="sun.awt.Win32GraphicsEnvironment"/>
    <property name="java.endorsed.dirs" value="c:\usr\bin\Java\jdk1.6.0_31\jre\lib\endorsed"/>
    <property name="os.arch" value="amd64"/>
    <property name="java.io.tmpdir" value="C:\Users\MKNUTS~1\AppData\Local\Temp\"/>
    <property name="line.separator" value="
"/>
    <property name="java.vm.specification.vendor" value="Sun Microsystems Inc."/>
    <property name="user.variant" value=""/>
    <property name="os.name" value="Windows 7"/>
    <property name="classworlds.conf" value="c:/usr/bin/apache-maven-3.0.4/bin/m2.conf"/>
    <property name="sun.jnu.encoding" value="Cp1252"/>
    <property name="java.library.path" value="c:\usr\bin\Java\jdk1.6.0_31\bin;C:\Windows\Sun\Java\bin;C:\Windows\system32;C:\Windows;/c/Users/mknuts6173c/bin:.:/usr/local/bin:/mingw/bin:/bin:/c/usr/bin/ansi151/x86:/c/Program Files/Dell/DW WLAN Card:/c/Program Files (x86)/RSA SecurID Token Common:/c/Windows/system32:/c/Windows:/c/Windows/System32/Wbem:/c/Windows/System32/WindowsPowerShell/v1.0/:/c/Program Files/TortoiseSVN/bin:/c/usr/bin/Java/jdk1.6.0_31/bin:/c/usr/bin/jruby-1.6.7/bin:/c/usr/bin/jruby-1.6.7/lib/ruby/gems/1.8/bin:/c/usr/bin/gradle-1.0-milestone-9/bin:/c/usr/bin/groovy-1.8.6/bin:/c/usr/bin/apache-maven-3.0.4/bin:$ANT_HOME%2/bin:/c/usr/bin/scala-2.9.1.final/bin
;."/>
    <property name="java.specification.name" value="Java Platform API Specification"/>
    <property name="java.class.version" value="50.0"/>
    <property name="sun.management.compiler" value="HotSpot 64-Bit Tiered Compilers"/>
    <property name="os.version" value="6.1"/>
    <property name="user.home" value="C:\Users\mknuts6173c"/>
    <property name="user.timezone" value="America/New_York"/>
    <property name="java.awt.printerjob" value="sun.awt.windows.WPrinterJob"/>
    <property name="file.encoding" value="Cp1252"/>
    <property name="java.specification.version" value="1.6"/>
    <property name="user.name" value="MKnuts6173c"/>
    <property name="java.class.path" value="c:/usr/bin/apache-maven-3.0.4/boot/plexus-classworlds-2.4.jar"/>
    <property name="java.vm.specification.version" value="1.0"/>
    <property name="sun.arch.data.model" value="64"/>
    <property name="java.home" value="c:\usr\bin\Java\jdk1.6.0_31\jre"/>
    <property name="sun.java.command" value="org.codehaus.plexus.classworlds.launcher.Launcher clean test -e"/>
    <property name="java.specification.vendor" value="Sun Microsystems Inc."/>
    <property name="user.language" value="en"/>
    <property name="awt.toolkit" value="sun.awt.windows.WToolkit"/>
    <property name="java.vm.info" value="mixed mode"/>
    <property name="java.version" value="1.6.0_31"/>
    <property name="java.ext.dirs" value="c:\usr\bin\Java\jdk1.6.0_31\jre\lib\ext;C:\Windows\Sun\Java\lib\ext"/>
    <property name="sun.boot.class.path" value="c:\usr\bin\Java\jdk1.6.0_31\jre\lib\resources.jar;c:\usr\bin\Java\jdk1.6.0_31\jre\lib\rt.jar;c:\usr\bin\Java\jdk1.6.0_31\jre\lib\sunrsasign.jar;c:\usr\bin\Java\jdk1.6.0_31\jre\lib\jsse.jar;c:\usr\bin\Java\jdk1.6.0_31\jre\lib\jce.jar;c:\usr\bin\Java\jdk1.6.0_31\jre\lib\charsets.jar;c:\usr\bin\Java\jdk1.6.0_31\jre\lib\modules\jdk.boot.jar;c:\usr\bin\Java\jdk1.6.0_31\jre\classes"/>
    <property name="java.vendor" value="Sun Microsystems Inc."/>
    <property name="maven.home" value="c:\usr\bin\apache-maven-3.0.4"/>
    <property name="file.separator" value="\"/>
    <property name="java.vendor.url.bug" value="http://java.sun.com/cgi-bin/bugreport.cgi"/>
    <property name="sun.cpu.endian" value="little"/>
    <property name="sun.io.unicode.encoding" value="UnicodeLittle"/>
    <property name="sun.desktop" value="windows"/>
    <property name="sun.cpu.isalist" value="amd64"/>
  </properties>
  <testcase time="0.911" classname="com.baselogic.demos.AspectTests" name="testHolder"/>
</testsuite>