<?xml version="1.0" encoding="UTF-8" ?>
<testsuite failures="0" time="1.189" errors="0" skipped="0" tests="2" name="com.baselogic.service.OrderPowerMockServiceTests">
  <properties>
    <property name="java.runtime.name" value="Java(TM) SE Runtime Environment"/>
    <property name="sun.boot.library.path" value="C:\usr\bin\Java\jdk1.6.0_31\jre\bin"/>
    <property name="java.vm.version" value="20.6-b01"/>
    <property name="java.vm.vendor" value="Sun Microsystems Inc."/>
    <property name="java.vendor.url" value="http://java.sun.com/"/>
    <property name="path.separator" value=";"/>
    <property name="guice.disable.misplaced.annotation.check" value="true"/>
    <property name="java.vm.name" value="Java HotSpot(TM) 64-Bit Server VM"/>
    <property name="file.encoding.pkg" value="sun.io"/>
    <property name="user.country" value="US"/>
    <property name="sun.java.launcher" value="SUN_STANDARD"/>
    <property name="sun.os.patch.level" value=""/>
    <property name="java.vm.specification.name" value="Java Virtual Machine Specification"/>
    <property name="user.dir" value="C:\usr\SYNCH\projects\Git-Hub\SpringCertification\SpringUtility"/>
    <property name="java.runtime.version" value="1.6.0_31-b05"/>
    <property name="java.awt.graphicsenv" value="sun.awt.Win32GraphicsEnvironment"/>
    <property name="java.endorsed.dirs" value="C:\usr\bin\Java\jdk1.6.0_31\jre\lib\endorsed"/>
    <property name="os.arch" value="amd64"/>
    <property name="java.io.tmpdir" value="C:\Users\MKNUTS~1\AppData\Local\Temp\"/>
    <property name="line.separator" value="
"/>
    <property name="java.vm.specification.vendor" value="Sun Microsystems Inc."/>
    <property name="user.variant" value=""/>
    <property name="os.name" value="Windows 7"/>
    <property name="net.sourceforge.cobertura.datafile" value="C:\usr\SYNCH\projects\Git-Hub\SpringCertification\SpringUtility\target\cobertura\cobertura.ser"/>
    <property name="classworlds.conf" value="C:\usr\SYNCH\projects\Git-Hub\SpringCertification\.metadata\.plugins\org.eclipse.m2e.core\launches\m2conf1469186670742871999.tmp"/>
    <property name="sun.jnu.encoding" value="Cp1252"/>
    <property name="java.library.path" value="C:\usr\bin\Java\jdk1.6.0_31\bin;C:\Windows\Sun\Java\bin;C:\Windows\system32;C:\Windows;C:\usr\bin\cygwin\bin;C:\usr\bin\ansi151\x86;C:\Program Files\Dell\DW WLAN Card;C:\Program Files (x86)\RSA SecurID Token Common;C:\Windows\system32;C:\Windows;C:\Windows\System32\Wbem;C:\Windows\System32\WindowsPowerShell\v1.0\;C:\Program Files\TortoiseSVN\bin;C:\usr\bin\Java\jdk1.6.0_31\bin;C:\usr\bin\jruby\jruby-1.6.7\bin;C:\usr\bin\jruby\jruby-1.6.7\lib\ruby\gems\1.8\bin;C:\usr\bin\gradle-1.0-milestone-9\bin;C:\usr\bin\groovy-1.8.6\bin;C:\usr\bin\apache-maven-3.0.4\bin;C:\usr\bin\apache-ant-1.8.2\bin;C:\usr\bin\scala-2.9.1.final\bin;;."/>
    <property name="java.specification.name" value="Java Platform API Specification"/>
    <property name="java.class.version" value="50.0"/>
    <property name="sun.management.compiler" value="HotSpot 64-Bit Tiered Compilers"/>
    <property name="os.version" value="6.1"/>
    <property name="user.home" value="C:\Users\mknuts6173c"/>
    <property name="user.timezone" value="America/New_York"/>
    <property name="java.awt.printerjob" value="sun.awt.windows.WPrinterJob"/>
    <property name="java.specification.version" value="1.6"/>
    <property name="file.encoding" value="Cp1252"/>
    <property name="user.name" value="MKnuts6173c"/>
    <property name="java.class.path" value="C:\usr\bin\apache-maven-3.0.4\boot\plexus-classworlds-2.4.jar"/>
    <property name="java.vm.specification.version" value="1.0"/>
    <property name="sun.arch.data.model" value="64"/>
    <property name="java.home" value="C:\usr\bin\Java\jdk1.6.0_31\jre"/>
    <property name="sun.java.command" value="org.codehaus.plexus.classworlds.launcher.Launcher -B clean cobertura:cobertura javadoc:javadoc javadoc:test-javadoc"/>
    <property name="java.specification.vendor" value="Sun Microsystems Inc."/>
    <property name="user.language" value="en"/>
    <property name="awt.toolkit" value="sun.awt.windows.WToolkit"/>
    <property name="java.vm.info" value="mixed mode"/>
    <property name="java.version" value="1.6.0_31"/>
    <property name="java.ext.dirs" value="C:\usr\bin\Java\jdk1.6.0_31\jre\lib\ext;C:\Windows\Sun\Java\lib\ext"/>
    <property name="sun.boot.class.path" value="C:\usr\bin\Java\jdk1.6.0_31\jre\lib\resources.jar;C:\usr\bin\Java\jdk1.6.0_31\jre\lib\rt.jar;C:\usr\bin\Java\jdk1.6.0_31\jre\lib\sunrsasign.jar;C:\usr\bin\Java\jdk1.6.0_31\jre\lib\jsse.jar;C:\usr\bin\Java\jdk1.6.0_31\jre\lib\jce.jar;C:\usr\bin\Java\jdk1.6.0_31\jre\lib\charsets.jar;C:\usr\bin\Java\jdk1.6.0_31\jre\lib\modules\jdk.boot.jar;C:\usr\bin\Java\jdk1.6.0_31\jre\classes"/>
    <property name="java.vendor" value="Sun Microsystems Inc."/>
    <property name="maven.home" value="C:\usr\bin\apache-maven-3.0.4"/>
    <property name="file.separator" value="\"/>
    <property name="java.vendor.url.bug" value="http://java.sun.com/cgi-bin/bugreport.cgi"/>
    <property name="sun.cpu.endian" value="little"/>
    <property name="sun.io.unicode.encoding" value="UnicodeLittle"/>
    <property name="project.build.outputDirectory" value="C:\usr\SYNCH\projects\Git-Hub\SpringCertification\SpringUtility\target\generated-classes\cobertura"/>
    <property name="sun.desktop" value="windows"/>
    <property name="sun.cpu.isalist" value="amd64"/>
  </properties>
  <testcase time="0.196" classname="com.baselogic.service.OrderPowerMockServiceTests" name="staticRemoteMock"/>
  <testcase time="0.05" classname="com.baselogic.service.OrderPowerMockServiceTests" name="privatePartialMock"/>
</testsuite>